<?xml version="1.0" encoding="UTF-8"?>
<!-- Generated by org.testng.reporters.JUnitXMLReporter -->
<testsuite ignored="0" hostname="DESKTOP-59D51MJ" failures="0" tests="4" name="Test" time="14.635" errors="0" timestamp="22 May 2025 11:34:07 GMT">
  <testcase classname="TestNG.TestNGtestclass" name="TestNGLoginpage2" time="5.524"/>
  <testcase classname="TestNG.TestNGtestclass" name="TestNGloginpage1" time="2.499"/>
  <testcase classname="TestNG.testNGtestclass2" name="Loginpage" time="3.366"/>
  <testcase classname="TestNG.TestNGtestclass3" name="Actionclass" time="3.224"/>
</testsuite> <!-- Test -->
