<?xml version="1.0" encoding="UTF-8"?>
<testng-results ignored="0" total="1" passed="1" failed="0" skipped="0">
  <reporter-output>
  </reporter-output>
  <suite started-at="2025-05-23T16:38:21Z" name="Default suite" finished-at="2025-05-23T16:38:22Z" duration-ms="1114">
    <groups>
    </groups>
    <test started-at="2025-05-23T16:38:21Z" name="Default test" finished-at="2025-05-23T16:38:22Z" duration-ms="1114">
      <class name="TestNG.Runclass">
        <test-method signature="Signup()[pri:0, instance:TestNG.Runclass@2a2c13a8]" started-at="2025-05-23T16:38:21Z" name="Signup" finished-at="2025-05-23T16:38:22Z" duration-ms="1094" status="PASS">
          <reporter-output>
          </reporter-output>
        </test-method> <!-- Signup -->
      </class> <!-- TestNG.Runclass -->
    </test> <!-- Default test -->
  </suite> <!-- Default suite -->
</testng-results>
